<?xml version="1.0" encoding="UTF-8"?>
<!-- Generated by org.testng.reporters.JUnitReportReporter -->
<testsuite hostname="DESKTOP-1TR2HFR" failures="0" tests="1" name="com.automationpractice.testCases.TC_CreateAccount_01" time="26.073" errors="0" timestamp="17 Oct 2020 13:10:05 GMT" skipped="0">
  <testcase classname="com.automationpractice.testCases.TC_CreateAccount_01" name="signUpTest" time="26.073"/>
</testsuite> <!-- com.automationpractice.testCases.TC_CreateAccount_01 -->
