<?xml version="1.0" encoding="UTF-8"?>
<!-- Generated by org.testng.reporters.JUnitReportReporter -->
<testsuite skipped="0" hostname="DESKTOP-1TR2HFR" name="com.automationpractice.testCases.TC_Login_01" tests="1" failures="0" timestamp="20 Nov 2020 02:50:10 GMT" time="9.626" errors="0">
  <testcase name="signIn" time="9.626" classname="com.automationpractice.testCases.TC_Login_01"/>
</testsuite> <!-- com.automationpractice.testCases.TC_Login_01 -->
