<?xml version="1.0" encoding="UTF-8"?>
<!-- Generated by org.testng.reporters.JUnitReportReporter -->
<testsuite skipped="1" hostname="DESKTOP-1TR2HFR" name="com.automationpractice.testCases.TC_Create_Account_01" tests="2" failures="0" timestamp="20 Dec 2020 07:43:46 GMT" time="24.389" errors="0">
  <testcase name="CreateNewUserAccount" time="24.389" classname="com.automationpractice.testCases.TC_Create_Account_01"/>
  <testcase name="emailExistValidation" classname="com.automationpractice.testCases.TC_Create_Account_01">
    <skipped/>
  </testcase> <!-- emailExistValidation -->
</testsuite> <!-- com.automationpractice.testCases.TC_Create_Account_01 -->
